TN:
SF:src/errors/AppError.ts
FN:5,AppError
FNF:1
FNH:1
FNDA:2,AppError
DA:1,1
DA:2,1
DA:3,1
DA:4,1
DA:5,1
DA:6,2
DA:7,2
DA:8,2
DA:9,1
DA:10,1
DA:11,1
LF:11
LH:11
BRDA:5,0,0,2
BRF:1
BRH:1
end_of_record
TN:
SF:src/modules/cars/CarService.ts
FN:6,listCarsService
FN:12,createCarService
FN:39,showCarService
FN:49,updateCarService
FN:62,deleteCarService
FNF:5
FNH:5
FNDA:1,listCarsService
FNDA:2,createCarService
FNDA:2,showCarService
FNDA:1,updateCarService
FNDA:1,deleteCarService
DA:1,1
DA:2,1
DA:3,1
DA:4,1
DA:5,1
DA:6,1
DA:7,1
DA:8,1
DA:9,1
DA:10,1
DA:11,1
DA:12,1
DA:13,2
DA:14,2
DA:15,2
DA:16,2
DA:17,2
DA:18,2
DA:19,2
DA:20,2
DA:21,2
DA:22,1
DA:23,1
DA:24,1
DA:25,1
DA:26,1
DA:27,1
DA:28,1
DA:29,1
DA:30,1
DA:31,1
DA:32,1
DA:33,1
DA:34,1
DA:35,1
DA:36,1
DA:37,1
DA:38,1
DA:39,1
DA:40,2
DA:41,2
DA:42,2
DA:43,2
DA:44,2
DA:45,2
DA:46,2
DA:47,2
DA:48,1
DA:49,1
DA:50,1
DA:51,1
DA:52,1
DA:53,1
DA:54,1
DA:55,1
DA:56,1
DA:57,1
DA:58,1
DA:59,1
DA:60,1
DA:61,1
DA:62,1
DA:63,1
DA:64,1
DA:65,1
DA:66,1
DA:67,1
DA:68,1
DA:69,1
DA:70,0
DA:71,0
DA:72,1
DA:73,1
DA:74,1
LF:74
LH:72
BRDA:6,0,0,1
BRDA:6,1,0,1
BRDA:12,2,0,2
BRDA:12,3,0,2
BRDA:21,4,0,1
BRDA:39,5,0,2
BRDA:39,6,0,2
BRDA:49,7,0,1
BRDA:49,8,0,1
BRDA:62,9,0,1
BRDA:62,10,0,1
BRDA:69,11,0,0
BRF:12
BRH:11
end_of_record
TN:
SF:src/prismaClient/index.ts
FN:5,main
FNF:1
FNH:1
FNDA:1,main
DA:1,1
DA:2,1
DA:3,1
DA:4,1
DA:5,1
DA:6,1
DA:7,1
DA:8,1
DA:9,1
DA:10,1
DA:11,0
DA:12,0
DA:13,0
DA:14,1
DA:15,1
DA:16,1
LF:16
LH:13
BRDA:5,0,0,1
BRDA:14,1,0,1
BRDA:14,2,0,1
BRF:3
BRH:3
end_of_record
TN:
SF:src/utils/index.ts
FN:1,plateSanitized
FN:8,chassiSanitized
FNF:2
FNH:2
FNDA:2,plateSanitized
FNDA:2,chassiSanitized
DA:1,1
DA:2,2
DA:3,2
DA:4,2
DA:5,2
DA:6,2
DA:7,1
DA:8,1
DA:9,2
DA:10,2
DA:11,2
DA:12,2
DA:13,2
LF:13
LH:13
BRDA:1,0,0,2
BRDA:8,1,0,2
BRF:2
BRH:2
end_of_record
